<?xml version="1.0" encoding="UTF-8"?>
<testsuite xmlns:xsi="http://www.w3.org/2001/XMLSchema-instance" xsi:noNamespaceSchemaLocation="https://maven.apache.org/surefire/maven-surefire-plugin/xsd/surefire-test-report-3.0.xsd" version="3.0" name="com.beymen.tests.BeymenTest" time="35.604" tests="1" errors="0" skipped="0" failures="0">
  <properties>
[...]
</properties>
  <testcase name="beymenTest" classname="com.beymen.tests.BeymenTest" time="35.112">
    <system-out><![CDATA[15:10:58.329 [main] INFO  com.beymen.tests.BeymenTest - WebDriver kurulumu tamamlandı
15:11:00.416 [main] INFO  com.beymen.tests.BeymenTest - Chrome tarayıcı başlatıldı
15:11:02.809 [main] INFO  com.beymen.tests.BeymenTest - Beymen ana sayfası açıldı
15:11:03.479 [main] INFO  com.beymen.tests.BeymenTest - Çerez politikası kabul edildi
15:11:05.537 [main] INFO  com.beymen.tests.BeymenTest - Cinsiyet seçim popup'ında erkek seçeneği seçildi
15:11:05.680 [main] INFO  com.beymen.tests.BeymenTest - İkinci arama terimi girildi: gömlek
15:11:13.807 [main] INFO  com.beymen.tests.BeymenTest - Arama sonuçlarından ilk ürün seçildi
Ürün adı dosyaya yazıldı.
Ürün fiyatı dosyaya yazıldı.
Ürün Sayfasındaki Fiyat: 7.295 TL
Sepetteki Fiyat: 3.285,00 TL
UYARI: Fiyatlar farklı!
Ürün adedi başarıyla 2 olarak güncellendi
Sepet başarıyla boşaltıldı
15:11:33.401 [main] INFO  com.beymen.tests.BeymenTest - Tarayıcı kapatıldı
]]></system-out>
    <system-err><![CDATA[SLF4J: No SLF4J providers were found.
SLF4J: Defaulting to no-operation (NOP) logger implementation
SLF4J: See https://www.slf4j.org/codes.html#noProviders for further details.
Nis 18, 2025 3:11:00 ÖS org.openqa.selenium.devtools.CdpVersionFinder findNearestMatch
WARNING: Unable to find CDP implementation matching 135
Nis 18, 2025 3:11:00 ÖS org.openqa.selenium.chromium.ChromiumDriver lambda$new$5
WARNING: Unable to find version of CDP to use for 135.0.7049.96. You may need to include a dependency on a specific version of the CDP using something similar to `org.seleniumhq.selenium:selenium-devtools-v86:4.16.1` where the version ("v86") matches the version of the chromium-based browser you're using and the version number of the artifact is the same as Selenium's.
]]></system-err>
  </testcase>
</testsuite>